<?xml version="1.0" encoding="UTF-8"?>
<!-- Generated by org.testng.reporters.JUnitReportReporter -->
<testsuite skipped="0" hostname="BCN-DWRGJM2" name="FirstTest" tests="1" failures="0" timestamp="2019-09-05T16:01:13 CEST" time="9.109" errors="0">
  <testcase name="firstTest" time="9.109" classname="FirstTest"/>
</testsuite> <!-- FirstTest -->
